<?xml version="1.0" encoding="UTF-8"?>
<!-- Generated by org.testng.reporters.JUnitReportReporter -->
<testsuite hostname="chynars-MacBook-Air.local" failures="0" tests="1" name="Chynar.coingBat" time="3.082" errors="0" timestamp="31 May 2019 22:31:15 GMT" skipped="0">
  <testcase classname="Chynar.coingBat" name="testWebPage" time="3.082"/>
</testsuite> <!-- Chynar.coingBat -->
